<?xml version="1.0" encoding="UTF-8"?>
<testng-results ignored="0" total="3" passed="2" failed="1" skipped="0">
  <reporter-output>
  </reporter-output>
  <suite started-at="2023-03-06T22:46:44 EST" name="Default Suite" finished-at="2023-03-06T22:46:52 EST" duration-ms="7503">
    <groups>
    </groups>
    <test started-at="2023-03-06T22:46:44 EST" name="Selenium_Maven_TestNG_Automation" finished-at="2023-03-06T22:46:52 EST" duration-ms="7503">
      <class name="sample_test.Program_1">
        <test-method is-config="true" signature="setUp()[pri:0, instance:sample_test.Program_1@caa0968e]" started-at="2023-03-06T22:46:44 EST" name="setUp" finished-at="2023-03-06T22:46:48 EST" duration-ms="3411" status="PASS">
          <reporter-output>
          </reporter-output>
        </test-method> <!-- setUp -->
        <test-method signature="verifyInValidName()[pri:0, instance:sample_test.Program_1@caa0968e]" started-at="2023-03-06T22:46:48 EST" name="verifyInValidName" finished-at="2023-03-06T22:46:48 EST" duration-ms="24" status="FAIL">
          <exception class="java.lang.AssertionError">
            <message>
              <![CDATA[expected [Numpy Ninja] but found [About | Numpy Ninja]]]>
            </message>
            <full-stacktrace>
              <![CDATA[java.lang.AssertionError: expected [Numpy Ninja] but found [About | Numpy Ninja]
at org.testng.Assert.fail(Assert.java:110)
at org.testng.Assert.failNotEquals(Assert.java:1577)
at org.testng.Assert.assertEqualsImpl(Assert.java:149)
at org.testng.Assert.assertEquals(Assert.java:131)
at org.testng.Assert.assertEquals(Assert.java:655)
at org.testng.Assert.assertEquals(Assert.java:665)
at sample_test.Program_1.verifyInValidName(Program_1.java:42)
at java.base/jdk.internal.reflect.NativeMethodAccessorImpl.invoke0(Native Method)
at java.base/jdk.internal.reflect.NativeMethodAccessorImpl.invoke(NativeMethodAccessorImpl.java:77)
at java.base/jdk.internal.reflect.DelegatingMethodAccessorImpl.invoke(DelegatingMethodAccessorImpl.java:43)
at java.base/java.lang.reflect.Method.invoke(Method.java:568)
at org.testng.internal.invokers.MethodInvocationHelper.invokeMethod(MethodInvocationHelper.java:139)
at org.testng.internal.invokers.TestInvoker.invokeMethod(TestInvoker.java:677)
at org.testng.internal.invokers.TestInvoker.invokeTestMethod(TestInvoker.java:221)
at org.testng.internal.invokers.MethodRunner.runInSequence(MethodRunner.java:50)
at org.testng.internal.invokers.TestInvoker$MethodInvocationAgent.invoke(TestInvoker.java:969)
at org.testng.internal.invokers.TestInvoker.invokeTestMethods(TestInvoker.java:194)
at org.testng.internal.invokers.TestMethodWorker.invokeTestMethods(TestMethodWorker.java:148)
at org.testng.internal.invokers.TestMethodWorker.run(TestMethodWorker.java:128)
at java.base/java.util.ArrayList.forEach(ArrayList.java:1511)
at org.testng.TestRunner.privateRun(TestRunner.java:829)
at org.testng.TestRunner.run(TestRunner.java:602)
at org.testng.SuiteRunner.runTest(SuiteRunner.java:437)
at org.testng.SuiteRunner.runSequentially(SuiteRunner.java:431)
at org.testng.SuiteRunner.privateRun(SuiteRunner.java:391)
at org.testng.SuiteRunner.run(SuiteRunner.java:330)
at org.testng.SuiteRunnerWorker.runSuite(SuiteRunnerWorker.java:52)
at org.testng.SuiteRunnerWorker.run(SuiteRunnerWorker.java:95)
at org.testng.TestNG.runSuitesSequentially(TestNG.java:1256)
at org.testng.TestNG.runSuitesLocally(TestNG.java:1176)
at org.testng.TestNG.runSuites(TestNG.java:1099)
at org.testng.TestNG.run(TestNG.java:1067)
at com.intellij.rt.testng.IDEARemoteTestNG.run(IDEARemoteTestNG.java:66)
at com.intellij.rt.testng.RemoteTestNGStarter.main(RemoteTestNGStarter.java:109)
]]>
            </full-stacktrace>
          </exception> <!-- java.lang.AssertionError -->
          <reporter-output>
          </reporter-output>
        </test-method> <!-- verifyInValidName -->
        <test-method is-config="true" signature="tearDown()[pri:0, instance:sample_test.Program_1@caa0968e]" started-at="2023-03-06T22:46:48 EST" name="tearDown" finished-at="2023-03-06T22:46:48 EST" duration-ms="201" status="PASS">
          <reporter-output>
          </reporter-output>
        </test-method> <!-- tearDown -->
        <test-method is-config="true" signature="setUp()[pri:0, instance:sample_test.Program_1@caa0968e]" started-at="2023-03-06T22:46:48 EST" name="setUp" finished-at="2023-03-06T22:46:50 EST" duration-ms="1740" status="PASS">
          <reporter-output>
          </reporter-output>
        </test-method> <!-- setUp -->
        <test-method signature="verifyLogo()[pri:0, instance:sample_test.Program_1@caa0968e]" started-at="2023-03-06T22:46:50 EST" name="verifyLogo" finished-at="2023-03-06T22:46:50 EST" duration-ms="103" status="PASS">
          <reporter-output>
          </reporter-output>
        </test-method> <!-- verifyLogo -->
        <test-method is-config="true" signature="tearDown()[pri:0, instance:sample_test.Program_1@caa0968e]" started-at="2023-03-06T22:46:50 EST" name="tearDown" finished-at="2023-03-06T22:46:50 EST" duration-ms="198" status="PASS">
          <reporter-output>
          </reporter-output>
        </test-method> <!-- tearDown -->
        <test-method is-config="true" signature="setUp()[pri:0, instance:sample_test.Program_1@caa0968e]" started-at="2023-03-06T22:46:50 EST" name="setUp" finished-at="2023-03-06T22:46:51 EST" duration-ms="1508" status="PASS">
          <reporter-output>
          </reporter-output>
        </test-method> <!-- setUp -->
        <test-method signature="verifyName()[pri:0, instance:sample_test.Program_1@caa0968e]" started-at="2023-03-06T22:46:51 EST" name="verifyName" finished-at="2023-03-06T22:46:51 EST" duration-ms="13" status="PASS">
          <reporter-output>
          </reporter-output>
        </test-method> <!-- verifyName -->
        <test-method is-config="true" signature="tearDown()[pri:0, instance:sample_test.Program_1@caa0968e]" started-at="2023-03-06T22:46:51 EST" name="tearDown" finished-at="2023-03-06T22:46:52 EST" duration-ms="243" status="PASS">
          <reporter-output>
          </reporter-output>
        </test-method> <!-- tearDown -->
      </class> <!-- sample_test.Program_1 -->
    </test> <!-- Selenium_Maven_TestNG_Automation -->
  </suite> <!-- Default Suite -->
</testng-results>
